Please select from the following:
 1. Add 

FORWARD PROCESSING: 
 2. for 
 3. for-each 
 4. while 
 5. do-while 
 6. iterator 

REVERSE PROCESSING: 
 7. for 
 8. while 
 9. do-while 
 10. iterator 

PALINDROME TESTING 
 11. for 
 12. while 
 13. do-while 
 14. iterator 

 0. Exit
1

Enter character to add: 
a
Please select from the following:
 1. Add 

FORWARD PROCESSING: 
 2. for 
 3. for-each 
 4. while 
 5. do-while 
 6. iterator 

REVERSE PROCESSING: 
 7. for 
 8. while 
 9. do-while 
 10. iterator 

PALINDROME TESTING 
 11. for 
 12. while 
 13. do-while 
 14. iterator 

 0. Exit
1

Enter character to add: 
b
Please select from the following:
 1. Add 

FORWARD PROCESSING: 
 2. for 
 3. for-each 
 4. while 
 5. do-while 
 6. iterator 

REVERSE PROCESSING: 
 7. for 
 8. while 
 9. do-while 
 10. iterator 

PALINDROME TESTING 
 11. for 
 12. while 
 13. do-while 
 14. iterator 

 0. Exit
1

Enter character to add: 
c
Please select from the following:
 1. Add 

FORWARD PROCESSING: 
 2. for 
 3. for-each 
 4. while 
 5. do-while 
 6. iterator 

REVERSE PROCESSING: 
 7. for 
 8. while 
 9. do-while 
 10. iterator 

PALINDROME TESTING 
 11. for 
 12. while 
 13. do-while 
 14. iterator 

 0. Exit
2
a
b
c
Please select from the following:
 1. Add 

FORWARD PROCESSING: 
 2. for 
 3. for-each 
 4. while 
 5. do-while 
 6. iterator 

REVERSE PROCESSING: 
 7. for 
 8. while 
 9. do-while 
 10. iterator 

PALINDROME TESTING 
 11. for 
 12. while 
 13. do-while 
 14. iterator 

 0. Exit
3
a
b
c
Please select from the following:
 1. Add 

FORWARD PROCESSING: 
 2. for 
 3. for-each 
 4. while 
 5. do-while 
 6. iterator 

REVERSE PROCESSING: 
 7. for 
 8. while 
 9. do-while 
 10. iterator 

PALINDROME TESTING 
 11. for 
 12. while 
 13. do-while 
 14. iterator 

 0. Exit
4
a
b
c
Please select from the following:
 1. Add 

FORWARD PROCESSING: 
 2. for 
 3. for-each 
 4. while 
 5. do-while 
 6. iterator 

REVERSE PROCESSING: 
 7. for 
 8. while 
 9. do-while 
 10. iterator 

PALINDROME TESTING 
 11. for 
 12. while 
 13. do-while 
 14. iterator 

 0. Exit
5
a
b
c
Please select from the following:
 1. Add 

FORWARD PROCESSING: 
 2. for 
 3. for-each 
 4. while 
 5. do-while 
 6. iterator 

REVERSE PROCESSING: 
 7. for 
 8. while 
 9. do-while 
 10. iterator 

PALINDROME TESTING 
 11. for 
 12. while 
 13. do-while 
 14. iterator 

 0. Exit
6
a
b
c
Please select from the following:
 1. Add 

FORWARD PROCESSING: 
 2. for 
 3. for-each 
 4. while 
 5. do-while 
 6. iterator 

REVERSE PROCESSING: 
 7. for 
 8. while 
 9. do-while 
 10. iterator 

PALINDROME TESTING 
 11. for 
 12. while 
 13. do-while 
 14. iterator 

 0. Exit
7
c
b
a
Please select from the following:
 1. Add 

FORWARD PROCESSING: 
 2. for 
 3. for-each 
 4. while 
 5. do-while 
 6. iterator 

REVERSE PROCESSING: 
 7. for 
 8. while 
 9. do-while 
 10. iterator 

PALINDROME TESTING 
 11. for 
 12. while 
 13. do-while 
 14. iterator 

 0. Exit
8
c
b
a
Please select from the following:
 1. Add 

FORWARD PROCESSING: 
 2. for 
 3. for-each 
 4. while 
 5. do-while 
 6. iterator 

REVERSE PROCESSING: 
 7. for 
 8. while 
 9. do-while 
 10. iterator 

PALINDROME TESTING 
 11. for 
 12. while 
 13. do-while 
 14. iterator 

 0. Exit
9
c
b
a
Please select from the following:
 1. Add 

FORWARD PROCESSING: 
 2. for 
 3. for-each 
 4. while 
 5. do-while 
 6. iterator 

REVERSE PROCESSING: 
 7. for 
 8. while 
 9. do-while 
 10. iterator 

PALINDROME TESTING 
 11. for 
 12. while 
 13. do-while 
 14. iterator 

 0. Exit
10
c
b
a
Please select from the following:
 1. Add 

FORWARD PROCESSING: 
 2. for 
 3. for-each 
 4. while 
 5. do-while 
 6. iterator 

REVERSE PROCESSING: 
 7. for 
 8. while 
 9. do-while 
 10. iterator 

PALINDROME TESTING 
 11. for 
 12. while 
 13. do-while 
 14. iterator 

 0. Exit
0

Exiting! Farewell!
Please select from the menu!

Please select from the following:
 1. Add 

FORWARD PROCESSING: 
 2. for 
 3. for-each 
 4. while 
 5. do-while 
 6. iterator 

REVERSE PROCESSING: 
 7. for 
 8. while 
 9. do-while 
 10. iterator 

PALINDROME TESTING 
 11. for 
 12. while 
 13. do-while 
 14. iterator 

 0. Exit
1

Enter character to add: 
a
Please select from the following:
 1. Add 

FORWARD PROCESSING: 
 2. for 
 3. for-each 
 4. while 
 5. do-while 
 6. iterator 

REVERSE PROCESSING: 
 7. for 
 8. while 
 9. do-while 
 10. iterator 

PALINDROME TESTING 
 11. for 
 12. while 
 13. do-while 
 14. iterator 

 0. Exit
1

Enter character to add: 
b
Please select from the following:
 1. Add 

FORWARD PROCESSING: 
 2. for 
 3. for-each 
 4. while 
 5. do-while 
 6. iterator 

REVERSE PROCESSING: 
 7. for 
 8. while 
 9. do-while 
 10. iterator 

PALINDROME TESTING 
 11. for 
 12. while 
 13. do-while 
 14. iterator 

 0. Exit
1

Enter character to add: 
a
Please select from the following:
 1. Add 

FORWARD PROCESSING: 
 2. for 
 3. for-each 
 4. while 
 5. do-while 
 6. iterator 

REVERSE PROCESSING: 
 7. for 
 8. while 
 9. do-while 
 10. iterator 

PALINDROME TESTING 
 11. for 
 12. while 
 13. do-while 
 14. iterator 

 0. Exit
11
For loop palindrome test came back: true
Please select from the following:
 1. Add 

FORWARD PROCESSING: 
 2. for 
 3. for-each 
 4. while 
 5. do-while 
 6. iterator 

REVERSE PROCESSING: 
 7. for 
 8. while 
 9. do-while 
 10. iterator 

PALINDROME TESTING 
 11. for 
 12. while 
 13. do-while 
 14. iterator 

 0. Exit
12
While loop palindrome test came back: true
Please select from the following:
 1. Add 

FORWARD PROCESSING: 
 2. for 
 3. for-each 
 4. while 
 5. do-while 
 6. iterator 

REVERSE PROCESSING: 
 7. for 
 8. while 
 9. do-while 
 10. iterator 

PALINDROME TESTING 
 11. for 
 12. while 
 13. do-while 
 14. iterator 

 0. Exit
13
Do While loop palindrome test came back: true
Please select from the following:
 1. Add 

FORWARD PROCESSING: 
 2. for 
 3. for-each 
 4. while 
 5. do-while 
 6. iterator 

REVERSE PROCESSING: 
 7. for 
 8. while 
 9. do-while 
 10. iterator 

PALINDROME TESTING 
 11. for 
 12. while 
 13. do-while 
 14. iterator 

 0. Exit
14
Iterator palindrome test came back: true
Please select from the following:
 1. Add 

FORWARD PROCESSING: 
 2. for 
 3. for-each 
 4. while 
 5. do-while 
 6. iterator 

REVERSE PROCESSING: 
 7. for 
 8. while 
 9. do-while 
 10. iterator 

PALINDROME TESTING 
 11. for 
 12. while 
 13. do-while 
 14. iterator 

 0. Exit
0

Exiting! Farewell!
Please select from the menu!

